[35m[1mConsolidate compiler generated dependencies of target mis1[0m
[35m[1mConsolidate compiler generated dependencies of target offboard[0m
[35m[1mConsolidate compiler generated dependencies of target arm2[0m
[35m[1mConsolidate compiler generated dependencies of target OFFF[0m
[ 25%] Built target arm2
[ 50%] Built target mis1
[ 75%] Built target offboard
[ 87%] [32mBuilding CXX object CMakeFiles/OFFF.dir/src/OFFBOARD_NODE.cpp.o[0m
[01m[K/home/vaderplz/px4_ws/src/px4_controller/src/OFFBOARD_NODE.cpp:53:5:[m[K [01;31m[Kerror: [m[Kexpected unqualified-id before ‘[01m[Kif[m[K’
   53 |     [01;31m[Kif[m[K (rclcpp::spin_until_future_complete(this->get_node_base_interface(), arming_future) == rclcpp::FutureReturnCode::SUCCESS) {
      |     [01;31m[K^~[m[K
[01m[K/home/vaderplz/px4_ws/src/px4_controller/src/OFFBOARD_NODE.cpp:59:7:[m[K [01;31m[Kerror: [m[Kexpected unqualified-id before ‘[01m[Kelse[m[K’
   59 |     } [01;31m[Kelse[m[K {
      |       [01;31m[K^~~~[m[K
[01m[K/home/vaderplz/px4_ws/src/px4_controller/src/OFFBOARD_NODE.cpp:60:77:[m[K [01;31m[Kerror: [m[Kexpected declaration before ‘[01m[K}[m[K’ token
   60 |         RCLCPP_ERROR(this->get_logger(), "Failed to call arming service.");}[01;31m[K}[m[K
      |                                                                             [01;31m[K^[m[K
gmake[2]: *** [CMakeFiles/OFFF.dir/build.make:76: CMakeFiles/OFFF.dir/src/OFFBOARD_NODE.cpp.o] Error 1
gmake[1]: *** [CMakeFiles/Makefile2:221: CMakeFiles/OFFF.dir/all] Error 2
gmake: *** [Makefile:146: all] Error 2
