[0.146s] DEBUG:colcon:Command line arguments: ['/usr/bin/colcon', 'build']
[0.146s] DEBUG:colcon:Parsed command line arguments: Namespace(log_base=None, log_level=None, verb_name='build', build_base='build', install_base='install', merge_install=False, symlink_install=False, test_result_base=None, continue_on_error=False, executor='parallel', parallel_workers=8, event_handlers=None, ignore_user_meta=False, metas=['./colcon.meta'], base_paths=['.'], packages_ignore=None, packages_ignore_regex=None, paths=None, packages_up_to=None, packages_up_to_regex=None, packages_above=None, packages_above_and_dependencies=None, packages_above_depth=None, packages_select_by_dep=None, packages_skip_by_dep=None, packages_skip_up_to=None, packages_select_build_failed=False, packages_skip_build_finished=False, packages_select_test_failures=False, packages_skip_test_passed=False, packages_select=None, packages_skip=None, packages_select_regex=None, packages_skip_regex=None, packages_start=None, packages_end=None, allow_overriding=[], cmake_args=None, cmake_target=None, cmake_target_skip_unavailable=False, cmake_clean_cache=False, cmake_clean_first=False, cmake_force_configure=False, ament_cmake_args=None, catkin_cmake_args=None, catkin_skip_building_tests=False, mixin_files=None, mixin=None, verb_parser=<colcon_mixin.mixin.mixin_argument.MixinArgumentDecorator object at 0x7e26e158d030>, verb_extension=<colcon_core.verb.build.BuildVerb object at 0x7e26e158c5b0>, main=<bound method BuildVerb.main of <colcon_core.verb.build.BuildVerb object at 0x7e26e158c5b0>>, mixin_verb=('build',))
[0.201s] Level 1:colcon.colcon_core.package_discovery:discover_packages(colcon_meta) check parameters
[0.201s] Level 1:colcon.colcon_core.package_discovery:discover_packages(recursive) check parameters
[0.201s] Level 1:colcon.colcon_core.package_discovery:discover_packages(ignore) check parameters
[0.201s] Level 1:colcon.colcon_core.package_discovery:discover_packages(path) check parameters
[0.201s] Level 1:colcon.colcon_core.package_discovery:discover_packages(colcon_meta) discover
[0.201s] Level 1:colcon.colcon_core.package_discovery:discover_packages(recursive) discover
[0.201s] INFO:colcon.colcon_core.package_discovery:Crawling recursively for packages in '/home/vaderplz/px4_ws/src/px4_controller'
[0.201s] Level 1:colcon.colcon_core.package_identification:_identify(.) by extensions ['ignore', 'ignore_ament_install']
[0.201s] Level 1:colcon.colcon_core.package_identification:_identify(.) by extension 'ignore'
[0.201s] Level 1:colcon.colcon_core.package_identification:_identify(.) by extension 'ignore_ament_install'
[0.202s] Level 1:colcon.colcon_core.package_identification:_identify(.) by extensions ['colcon_pkg']
[0.202s] Level 1:colcon.colcon_core.package_identification:_identify(.) by extension 'colcon_pkg'
[0.202s] Level 1:colcon.colcon_core.package_identification:_identify(.) by extensions ['colcon_meta']
[0.202s] Level 1:colcon.colcon_core.package_identification:_identify(.) by extension 'colcon_meta'
[0.202s] Level 1:colcon.colcon_core.package_identification:_identify(.) by extensions ['ros']
[0.202s] Level 1:colcon.colcon_core.package_identification:_identify(.) by extension 'ros'
[0.224s] DEBUG:colcon.colcon_core.package_identification:Package '.' with type 'ros.ament_cmake' and name 'px4_controller'
[0.224s] Level 1:colcon.colcon_core.package_discovery:discover_packages(recursive) using defaults
[0.224s] Level 1:colcon.colcon_core.package_discovery:discover_packages(ignore) discover
[0.224s] Level 1:colcon.colcon_core.package_discovery:discover_packages(ignore) using defaults
[0.224s] Level 1:colcon.colcon_core.package_discovery:discover_packages(path) discover
[0.224s] Level 1:colcon.colcon_core.package_discovery:discover_packages(path) using defaults
[0.253s] Level 1:colcon.colcon_core.package_discovery:discover_packages(prefix_path) check parameters
[0.253s] Level 1:colcon.colcon_core.package_discovery:discover_packages(prefix_path) discover
[0.257s] DEBUG:colcon.colcon_installed_package_information.package_discovery:Found 4 installed packages in /home/vaderplz/ws_offboard_control/install
[0.258s] DEBUG:colcon.colcon_installed_package_information.package_discovery:Found 6 installed packages in /home/vaderplz/ros2_ws/install
[0.258s] DEBUG:colcon.colcon_installed_package_information.package_discovery:Found 5 installed packages in /home/vaderplz/ros2_ws2/install
[0.259s] DEBUG:colcon.colcon_installed_package_information.package_discovery:Found 6 installed packages in /home/vaderplz/px4_ws/install
[0.261s] DEBUG:colcon.colcon_installed_package_information.package_discovery:Found 278 installed packages in /opt/ros/humble
[0.263s] Level 1:colcon.colcon_core.package_discovery:discover_packages(prefix_path) using defaults
[0.310s] Level 5:colcon.colcon_core.verb:set package 'px4_controller' build argument 'cmake_args' from command line to 'None'
[0.311s] Level 5:colcon.colcon_core.verb:set package 'px4_controller' build argument 'cmake_target' from command line to 'None'
[0.311s] Level 5:colcon.colcon_core.verb:set package 'px4_controller' build argument 'cmake_target_skip_unavailable' from command line to 'False'
[0.311s] Level 5:colcon.colcon_core.verb:set package 'px4_controller' build argument 'cmake_clean_cache' from command line to 'False'
[0.311s] Level 5:colcon.colcon_core.verb:set package 'px4_controller' build argument 'cmake_clean_first' from command line to 'False'
[0.311s] Level 5:colcon.colcon_core.verb:set package 'px4_controller' build argument 'cmake_force_configure' from command line to 'False'
[0.311s] Level 5:colcon.colcon_core.verb:set package 'px4_controller' build argument 'ament_cmake_args' from command line to 'None'
[0.311s] Level 5:colcon.colcon_core.verb:set package 'px4_controller' build argument 'catkin_cmake_args' from command line to 'None'
[0.311s] Level 5:colcon.colcon_core.verb:set package 'px4_controller' build argument 'catkin_skip_building_tests' from command line to 'False'
[0.311s] DEBUG:colcon.colcon_core.verb:Building package 'px4_controller' with the following arguments: {'ament_cmake_args': None, 'build_base': '/home/vaderplz/px4_ws/src/px4_controller/build/px4_controller', 'catkin_cmake_args': None, 'catkin_skip_building_tests': False, 'cmake_args': None, 'cmake_clean_cache': False, 'cmake_clean_first': False, 'cmake_force_configure': False, 'cmake_target': None, 'cmake_target_skip_unavailable': False, 'install_base': '/home/vaderplz/px4_ws/src/px4_controller/install/px4_controller', 'merge_install': False, 'path': '/home/vaderplz/px4_ws/src/px4_controller', 'symlink_install': False, 'test_result_base': None}
[0.311s] INFO:colcon.colcon_core.executor:Executing jobs using 'parallel' executor
[0.313s] DEBUG:colcon.colcon_parallel_executor.executor.parallel:run_until_complete
[0.313s] INFO:colcon.colcon_ros.task.ament_cmake.build:Building ROS package in '/home/vaderplz/px4_ws/src/px4_controller' with build type 'ament_cmake'
[0.313s] INFO:colcon.colcon_cmake.task.cmake.build:Building CMake package in '/home/vaderplz/px4_ws/src/px4_controller'
[0.316s] INFO:colcon.colcon_core.plugin_system:Skipping extension 'colcon_core.shell.bat': Not used on non-Windows systems
[0.316s] INFO:colcon.colcon_core.shell:Skip shell extension 'powershell' for command environment: Not usable outside of PowerShell
[0.316s] DEBUG:colcon.colcon_core.shell:Skip shell extension 'dsv' for command environment
[0.331s] DEBUG:colcon.colcon_core.event_handler.log_command:Invoking command in '/home/vaderplz/px4_ws/src/px4_controller/build/px4_controller': CMAKE_PREFIX_PATH=${CMAKE_PREFIX_PATH}:/home/vaderplz/ws_offboard_control/install/px4_offboard:/opt/ros/humble /usr/bin/cmake --build /home/vaderplz/px4_ws/src/px4_controller/build/px4_controller -- -j8 -l8
[0.446s] DEBUG:colcon.colcon_core.event_handler.log_command:Invoked command in '/home/vaderplz/px4_ws/src/px4_controller/build/px4_controller' returned '0': CMAKE_PREFIX_PATH=${CMAKE_PREFIX_PATH}:/home/vaderplz/ws_offboard_control/install/px4_offboard:/opt/ros/humble /usr/bin/cmake --build /home/vaderplz/px4_ws/src/px4_controller/build/px4_controller -- -j8 -l8
[0.460s] DEBUG:colcon.colcon_core.event_handler.log_command:Invoking command in '/home/vaderplz/px4_ws/src/px4_controller/build/px4_controller': CMAKE_PREFIX_PATH=${CMAKE_PREFIX_PATH}:/home/vaderplz/ws_offboard_control/install/px4_offboard:/opt/ros/humble /usr/bin/cmake --install /home/vaderplz/px4_ws/src/px4_controller/build/px4_controller
[0.473s] Level 1:colcon.colcon_core.environment:create_environment_scripts_only(px4_controller)
[0.474s] DEBUG:colcon.colcon_core.event_handler.log_command:Invoked command in '/home/vaderplz/px4_ws/src/px4_controller/build/px4_controller' returned '0': CMAKE_PREFIX_PATH=${CMAKE_PREFIX_PATH}:/home/vaderplz/ws_offboard_control/install/px4_offboard:/opt/ros/humble /usr/bin/cmake --install /home/vaderplz/px4_ws/src/px4_controller/build/px4_controller
[0.476s] Level 1:colcon.colcon_core.environment:checking '/home/vaderplz/px4_ws/src/px4_controller/install/px4_controller' for CMake module files
[0.477s] Level 1:colcon.colcon_core.environment:checking '/home/vaderplz/px4_ws/src/px4_controller/install/px4_controller' for CMake config files
[0.478s] Level 1:colcon.colcon_core.shell:create_environment_hook('px4_controller', 'cmake_prefix_path')
[0.478s] INFO:colcon.colcon_core.shell:Creating environment hook '/home/vaderplz/px4_ws/src/px4_controller/install/px4_controller/share/px4_controller/hook/cmake_prefix_path.ps1'
[0.479s] INFO:colcon.colcon_core.shell:Creating environment descriptor '/home/vaderplz/px4_ws/src/px4_controller/install/px4_controller/share/px4_controller/hook/cmake_prefix_path.dsv'
[0.480s] INFO:colcon.colcon_core.shell:Creating environment hook '/home/vaderplz/px4_ws/src/px4_controller/install/px4_controller/share/px4_controller/hook/cmake_prefix_path.sh'
[0.481s] Level 1:colcon.colcon_core.environment:checking '/home/vaderplz/px4_ws/src/px4_controller/install/px4_controller/lib'
[0.481s] Level 1:colcon.colcon_core.environment:checking '/home/vaderplz/px4_ws/src/px4_controller/install/px4_controller/bin'
[0.481s] Level 1:colcon.colcon_core.environment:checking '/home/vaderplz/px4_ws/src/px4_controller/install/px4_controller/lib/pkgconfig/px4_controller.pc'
[0.481s] Level 1:colcon.colcon_core.environment:checking '/home/vaderplz/px4_ws/src/px4_controller/install/px4_controller/lib/python3.10/site-packages'
[0.481s] Level 1:colcon.colcon_core.environment:checking '/home/vaderplz/px4_ws/src/px4_controller/install/px4_controller/bin'
[0.482s] INFO:colcon.colcon_core.shell:Creating package script '/home/vaderplz/px4_ws/src/px4_controller/install/px4_controller/share/px4_controller/package.ps1'
[0.483s] INFO:colcon.colcon_core.shell:Creating package descriptor '/home/vaderplz/px4_ws/src/px4_controller/install/px4_controller/share/px4_controller/package.dsv'
[0.484s] INFO:colcon.colcon_core.shell:Creating package script '/home/vaderplz/px4_ws/src/px4_controller/install/px4_controller/share/px4_controller/package.sh'
[0.484s] INFO:colcon.colcon_core.shell:Creating package script '/home/vaderplz/px4_ws/src/px4_controller/install/px4_controller/share/px4_controller/package.bash'
[0.485s] INFO:colcon.colcon_core.shell:Creating package script '/home/vaderplz/px4_ws/src/px4_controller/install/px4_controller/share/px4_controller/package.zsh'
[0.486s] Level 1:colcon.colcon_core.environment:create_file_with_runtime_dependencies(/home/vaderplz/px4_ws/src/px4_controller/install/px4_controller/share/colcon-core/packages/px4_controller)
[0.487s] Level 1:colcon.colcon_core.environment:create_environment_scripts_only(px4_controller)
[0.487s] Level 1:colcon.colcon_core.environment:checking '/home/vaderplz/px4_ws/src/px4_controller/install/px4_controller' for CMake module files
[0.488s] Level 1:colcon.colcon_core.environment:checking '/home/vaderplz/px4_ws/src/px4_controller/install/px4_controller' for CMake config files
[0.488s] Level 1:colcon.colcon_core.shell:create_environment_hook('px4_controller', 'cmake_prefix_path')
[0.488s] INFO:colcon.colcon_core.shell:Creating environment hook '/home/vaderplz/px4_ws/src/px4_controller/install/px4_controller/share/px4_controller/hook/cmake_prefix_path.ps1'
[0.489s] INFO:colcon.colcon_core.shell:Creating environment descriptor '/home/vaderplz/px4_ws/src/px4_controller/install/px4_controller/share/px4_controller/hook/cmake_prefix_path.dsv'
[0.490s] INFO:colcon.colcon_core.shell:Creating environment hook '/home/vaderplz/px4_ws/src/px4_controller/install/px4_controller/share/px4_controller/hook/cmake_prefix_path.sh'
[0.490s] Level 1:colcon.colcon_core.environment:checking '/home/vaderplz/px4_ws/src/px4_controller/install/px4_controller/lib'
[0.490s] Level 1:colcon.colcon_core.environment:checking '/home/vaderplz/px4_ws/src/px4_controller/install/px4_controller/bin'
[0.490s] Level 1:colcon.colcon_core.environment:checking '/home/vaderplz/px4_ws/src/px4_controller/install/px4_controller/lib/pkgconfig/px4_controller.pc'
[0.491s] Level 1:colcon.colcon_core.environment:checking '/home/vaderplz/px4_ws/src/px4_controller/install/px4_controller/lib/python3.10/site-packages'
[0.491s] Level 1:colcon.colcon_core.environment:checking '/home/vaderplz/px4_ws/src/px4_controller/install/px4_controller/bin'
[0.492s] INFO:colcon.colcon_core.shell:Creating package script '/home/vaderplz/px4_ws/src/px4_controller/install/px4_controller/share/px4_controller/package.ps1'
[0.492s] INFO:colcon.colcon_core.shell:Creating package descriptor '/home/vaderplz/px4_ws/src/px4_controller/install/px4_controller/share/px4_controller/package.dsv'
[0.493s] INFO:colcon.colcon_core.shell:Creating package script '/home/vaderplz/px4_ws/src/px4_controller/install/px4_controller/share/px4_controller/package.sh'
[0.494s] INFO:colcon.colcon_core.shell:Creating package script '/home/vaderplz/px4_ws/src/px4_controller/install/px4_controller/share/px4_controller/package.bash'
[0.495s] INFO:colcon.colcon_core.shell:Creating package script '/home/vaderplz/px4_ws/src/px4_controller/install/px4_controller/share/px4_controller/package.zsh'
[0.495s] Level 1:colcon.colcon_core.environment:create_file_with_runtime_dependencies(/home/vaderplz/px4_ws/src/px4_controller/install/px4_controller/share/colcon-core/packages/px4_controller)
[0.496s] DEBUG:colcon.colcon_parallel_executor.executor.parallel:closing loop
[0.496s] DEBUG:colcon.colcon_parallel_executor.executor.parallel:loop closed
[0.496s] DEBUG:colcon.colcon_parallel_executor.executor.parallel:run_until_complete finished with '0'
[0.496s] DEBUG:colcon.colcon_core.event_reactor:joining thread
[0.502s] INFO:colcon.colcon_core.plugin_system:Skipping extension 'colcon_notification.desktop_notification.terminal_notifier': Not used on non-Darwin systems
[0.502s] INFO:colcon.colcon_core.plugin_system:Skipping extension 'colcon_notification.desktop_notification.win32': Not used on non-Windows systems
[0.502s] INFO:colcon.colcon_notification.desktop_notification:Sending desktop notification using 'notify2'
[0.515s] DEBUG:colcon.colcon_core.event_reactor:joined thread
[0.515s] INFO:colcon.colcon_core.shell:Creating prefix script '/home/vaderplz/px4_ws/src/px4_controller/install/local_setup.ps1'
[0.516s] INFO:colcon.colcon_core.shell:Creating prefix util module '/home/vaderplz/px4_ws/src/px4_controller/install/_local_setup_util_ps1.py'
[0.518s] INFO:colcon.colcon_core.shell:Creating prefix chain script '/home/vaderplz/px4_ws/src/px4_controller/install/setup.ps1'
[0.521s] INFO:colcon.colcon_core.shell:Creating prefix script '/home/vaderplz/px4_ws/src/px4_controller/install/local_setup.sh'
[0.522s] INFO:colcon.colcon_core.shell:Creating prefix util module '/home/vaderplz/px4_ws/src/px4_controller/install/_local_setup_util_sh.py'
[0.522s] INFO:colcon.colcon_core.shell:Creating prefix chain script '/home/vaderplz/px4_ws/src/px4_controller/install/setup.sh'
[0.524s] INFO:colcon.colcon_core.shell:Creating prefix script '/home/vaderplz/px4_ws/src/px4_controller/install/local_setup.bash'
[0.525s] INFO:colcon.colcon_core.shell:Creating prefix chain script '/home/vaderplz/px4_ws/src/px4_controller/install/setup.bash'
[0.527s] INFO:colcon.colcon_core.shell:Creating prefix script '/home/vaderplz/px4_ws/src/px4_controller/install/local_setup.zsh'
[0.528s] INFO:colcon.colcon_core.shell:Creating prefix chain script '/home/vaderplz/px4_ws/src/px4_controller/install/setup.zsh'
